[2026-07-16T02:22:01.586Z] 2:22:01 AM [vite] (client) page reload index.html
[2026-07-16T02:22:01.789Z] 2:22:01 AM [vite] (client) page reload client/index.html
[2026-07-16T02:22:01.794Z] 2:22:01 AM [vite] changed tsconfig file detected: /home/ubuntu/macnet-website/tsconfig.json - Clearing cache and forcing full-reload to ensure TypeScript is compiled with updated config values.
[2026-07-16T02:22:10.171Z] 2:22:10 AM [vite] changed tsconfig file detected: /home/ubuntu/macnet-website/tsconfig.json - Clearing cache and forcing full-reload to ensure TypeScript is compiled with updated config values.
[2026-07-16T02:22:10.174Z] 2:22:10 AM [vite] (client) page reload client/index.html
[2026-07-16T02:22:21.558Z] 2:22:21 AM [vite] (client) page reload client/index.html
[2026-07-16T02:22:21.579Z] 2:22:21 AM [vite] changed tsconfig file detected: /home/ubuntu/macnet-website/tsconfig.json - Clearing cache and forcing full-reload to ensure TypeScript is compiled with updated config values.
[2026-07-16T02:23:21.482Z] 2:23:21 AM [vite] (client) page reload index.html
[2026-07-16T03:12:40.305Z] 3:12:40 AM [vite] changed tsconfig file detected: /home/ubuntu/macnet-website/tsconfig.json - Clearing cache and forcing full-reload to ensure TypeScript is compiled with updated config values.
[2026-07-16T03:12:40.309Z] 3:12:40 AM [vite] vite.config.ts changed, restarting server...
[2026-07-16T03:12:40.310Z] 3:12:40 AM [vite] (client) page reload index.html
[2026-07-16T03:12:40.310Z] 3:12:40 AM [vite] (client) page reload public/.gitkeep
[2026-07-16T03:12:40.310Z] 3:12:40 AM [vite] (client) page reload public/__manus__/debug-collector.js
[2026-07-16T03:12:40.311Z] 3:12:40 AM [vite] (client) page reload src/App.tsx
[2026-07-16T03:12:40.311Z] 3:12:40 AM [vite] (client) page reload src/components/ContactSection.tsx
[2026-07-16T03:12:40.311Z] 3:12:40 AM [vite] (client) page reload src/components/ErrorBoundary.tsx
[2026-07-16T03:12:40.312Z] 3:12:40 AM [vite] (client) page reload src/components/Footer.tsx
[2026-07-16T03:12:40.312Z] 3:12:40 AM [vite] (client) page reload src/components/FunFactsSection.tsx
[2026-07-16T03:12:40.312Z] 3:12:40 AM [vite] (client) page reload src/components/Header.tsx
[2026-07-16T03:12:40.312Z] 3:12:40 AM [vite] (client) page reload src/components/HeroSection.tsx
[2026-07-16T03:12:40.312Z] 3:12:40 AM [vite] (client) page reload src/components/ManusDialog.tsx
[2026-07-16T03:12:40.313Z] 3:12:40 AM [vite] (client) page reload src/components/Map.tsx
[2026-07-16T03:12:40.313Z] 3:12:40 AM [vite] (client) page reload src/components/PortfolioSection.tsx
[2026-07-16T03:12:40.313Z] 3:12:40 AM [vite] (client) page reload src/components/ServicesSection.tsx
[2026-07-16T03:12:40.313Z] 3:12:40 AM [vite] (client) page reload src/components/TeamSection.tsx
[2026-07-16T03:12:40.313Z] 3:12:40 AM [vite] (client) page reload src/components/ui/accordion.tsx
[2026-07-16T03:12:40.313Z] 3:12:40 AM [vite] (client) page reload src/components/ui/alert-dialog.tsx
[2026-07-16T03:12:40.314Z] 3:12:40 AM [vite] (client) page reload src/components/ui/alert.tsx
[2026-07-16T03:12:40.314Z] 3:12:40 AM [vite] (client) page reload src/components/ui/aspect-ratio.tsx
[2026-07-16T03:12:40.314Z] 3:12:40 AM [vite] (client) page reload src/components/ui/avatar.tsx
[2026-07-16T03:12:40.314Z] 3:12:40 AM [vite] (client) page reload src/components/ui/badge.tsx
[2026-07-16T03:12:40.314Z] 3:12:40 AM [vite] (client) page reload src/components/ui/breadcrumb.tsx
[2026-07-16T03:12:40.314Z] 3:12:40 AM [vite] (client) page reload src/components/ui/button-group.tsx
[2026-07-16T03:12:40.314Z] 3:12:40 AM [vite] (client) page reload src/components/ui/button.tsx
[2026-07-16T03:12:40.315Z] 3:12:40 AM [vite] (client) page reload src/components/ui/calendar.tsx
[2026-07-16T03:12:40.315Z] 3:12:40 AM [vite] (client) page reload src/components/ui/card.tsx
[2026-07-16T03:12:40.315Z] 3:12:40 AM [vite] (client) page reload src/components/ui/carousel.tsx
[2026-07-16T03:12:40.315Z] 3:12:40 AM [vite] (client) page reload src/components/ui/chart.tsx
[2026-07-16T03:12:40.315Z] 3:12:40 AM [vite] (client) page reload src/components/ui/checkbox.tsx
[2026-07-16T03:12:40.315Z] 3:12:40 AM [vite] (client) page reload src/components/ui/collapsible.tsx
[2026-07-16T03:12:40.316Z] 3:12:40 AM [vite] (client) page reload src/components/ui/command.tsx
[2026-07-16T03:12:40.316Z] 3:12:40 AM [vite] (client) page reload src/components/ui/context-menu.tsx
[2026-07-16T03:12:40.316Z] 3:12:40 AM [vite] (client) page reload src/components/ui/dialog.tsx
[2026-07-16T03:12:40.316Z] 3:12:40 AM [vite] (client) page reload src/components/ui/drawer.tsx
[2026-07-16T03:12:40.316Z] 3:12:40 AM [vite] (client) page reload src/components/ui/dropdown-menu.tsx
[2026-07-16T03:12:40.316Z] 3:12:40 AM [vite] (client) page reload src/components/ui/empty.tsx
[2026-07-16T03:12:40.316Z] 3:12:40 AM [vite] (client) page reload src/components/ui/field.tsx
[2026-07-16T03:12:40.316Z] 3:12:40 AM [vite] (client) page reload src/components/ui/form.tsx
[2026-07-16T03:12:40.316Z] 3:12:40 AM [vite] (client) page reload src/components/ui/hover-card.tsx
[2026-07-16T03:12:40.316Z] 3:12:40 AM [vite] (client) page reload src/components/ui/input-group.tsx
[2026-07-16T03:12:40.316Z] 3:12:40 AM [vite] (client) page reload src/components/ui/input-otp.tsx
[2026-07-16T03:12:40.316Z] 3:12:40 AM [vite] (client) page reload src/components/ui/input.tsx
[2026-07-16T03:12:40.317Z] 3:12:40 AM [vite] (client) page reload src/components/ui/item.tsx
[2026-07-16T03:12:40.317Z] 3:12:40 AM [vite] (client) page reload src/components/ui/kbd.tsx
[2026-07-16T03:12:40.317Z] 3:12:40 AM [vite] (client) page reload src/components/ui/label.tsx
[2026-07-16T03:12:40.317Z] 3:12:40 AM [vite] (client) page reload src/components/ui/menubar.tsx
[2026-07-16T03:12:40.317Z] 3:12:40 AM [vite] (client) page reload src/components/ui/navigation-menu.tsx
[2026-07-16T03:12:40.317Z] 3:12:40 AM [vite] (client) page reload src/components/ui/pagination.tsx
[2026-07-16T03:12:40.317Z] 3:12:40 AM [vite] (client) page reload src/components/ui/popover.tsx
[2026-07-16T03:12:40.317Z] 3:12:40 AM [vite] (client) page reload src/components/ui/progress.tsx
[2026-07-16T03:12:40.317Z] 3:12:40 AM [vite] (client) page reload src/components/ui/radio-group.tsx
[2026-07-16T03:12:40.317Z] 3:12:40 AM [vite] (client) page reload src/components/ui/resizable.tsx
[2026-07-16T03:12:40.317Z] 3:12:40 AM [vite] (client) page reload src/components/ui/scroll-area.tsx
[2026-07-16T03:12:40.317Z] 3:12:40 AM [vite] (client) page reload src/components/ui/select.tsx
[2026-07-16T03:12:40.318Z] 3:12:40 AM [vite] (client) page reload src/components/ui/separator.tsx
[2026-07-16T03:12:40.318Z] 3:12:40 AM [vite] (client) page reload src/components/ui/sheet.tsx
[2026-07-16T03:12:40.318Z] 3:12:40 AM [vite] (client) page reload src/components/ui/sidebar.tsx
[2026-07-16T03:12:40.318Z] 3:12:40 AM [vite] (client) page reload src/components/ui/skeleton.tsx
[2026-07-16T03:12:40.318Z] 3:12:40 AM [vite] (client) page reload src/components/ui/slider.tsx
[2026-07-16T03:12:40.318Z] 3:12:40 AM [vite] (client) page reload src/components/ui/sonner.tsx
[2026-07-16T03:12:40.318Z] 3:12:40 AM [vite] (client) page reload src/components/ui/spinner.tsx
[2026-07-16T03:12:40.318Z] 3:12:40 AM [vite] (client) page reload src/components/ui/switch.tsx
[2026-07-16T03:12:40.318Z] 3:12:40 AM [vite] (client) page reload src/components/ui/table.tsx
[2026-07-16T03:12:40.318Z] 3:12:40 AM [vite] (client) page reload src/components/ui/tabs.tsx
[2026-07-16T03:12:40.318Z] 3:12:40 AM [vite] (client) page reload src/components/ui/textarea.tsx
[2026-07-16T03:12:40.318Z] 3:12:40 AM [vite] (client) page reload src/components/ui/toggle-group.tsx
[2026-07-16T03:12:40.318Z] 3:12:40 AM [vite] (client) page reload src/components/ui/toggle.tsx
[2026-07-16T03:12:40.319Z] 3:12:40 AM [vite] (client) page reload src/components/ui/tooltip.tsx
[2026-07-16T03:12:40.319Z] 3:12:40 AM [vite] (client) page reload src/const.ts
[2026-07-16T03:12:40.319Z] 3:12:40 AM [vite] (client) page reload src/contexts/ThemeContext.tsx
[2026-07-16T03:12:40.319Z] 3:12:40 AM [vite] (client) page reload src/hooks/useComposition.ts
[2026-07-16T03:12:40.319Z] 3:12:40 AM [vite] (client) page reload src/hooks/useMobile.tsx
[2026-07-16T03:12:40.319Z] 3:12:40 AM [vite] (client) page reload src/hooks/usePersistFn.ts
[2026-07-16T03:12:40.319Z] 3:12:40 AM [vite] (client) hmr update /src/index.css
[2026-07-16T03:12:40.319Z] 3:12:40 AM [vite] (client) page reload src/lib/utils.ts
[2026-07-16T03:12:40.319Z] 3:12:40 AM [vite] (client) page reload src/main.tsx
[2026-07-16T03:12:40.319Z] 3:12:40 AM [vite] (client) page reload src/pages/Home.tsx
[2026-07-16T03:12:40.319Z] 3:12:40 AM [vite] (client) page reload src/pages/NotFound.tsx
[2026-07-16T03:12:40.331Z] 3:12:40 AM [vite] server restarted.
[2026-07-16T03:12:40.331Z] ➜  Local:   http://localhost:5173/
[2026-07-16T03:12:40.331Z] ➜  Network: http://169.254.0.21:5173/
[2026-07-16T03:12:43.647Z] 3:12:43 AM [vite] (client) page reload index.html
